\BOOKMARK [1][-]{section.1}{\376\377\000W\000p\000r\000o\000w\000a\000d\000z\000e\000n\000i\000e}{}% 1
\BOOKMARK [1][-]{section.2}{\376\377\000Z\000a\000k\000r\000e\000s\000\040\000t\000e\000o\000r\000e\000t\000y\000c\000z\000n\000y\000\040\000z\000\040\000d\000z\000i\000e\000d\000z\000i\000n\000y\000\040\000r\000o\000b\000o\000t\000y\000k\000i}{}% 2
\BOOKMARK [2][-]{subsection.2.1}{\376\377\000P\000r\000z\000e\000g\000l\001\005\000d\000\040\000s\000t\000a\000n\000u\000\040\000w\000i\000e\000d\000z\000y\000\040\000i\000\040\000t\000e\000c\000h\000n\000i\000k\000i\000\040\000w\000\040\000z\000a\000k\000r\000e\000s\000i\000e\000\040\000r\000o\000b\000o\000t\000\363\000w\000\040\000m\000o\000b\000i\000l\000n\000y\000c\000h}{section.2}% 3
\BOOKMARK [3][-]{subsubsection.2.1.1}{\376\377\000M\000o\000d\000e\000l\000o\000w\000a\000n\000i\000e\000\040\000r\000u\000c\000h\000u\000\040\000r\000o\000b\000o\000t\000a}{subsection.2.1}% 4
\BOOKMARK [3][-]{subsubsection.2.1.2}{\376\377\000O\000d\000t\000w\000a\000r\000z\000a\000n\000i\000e\000\040\000d\000a\000n\000y\000c\000h\000\040\000s\000e\000n\000s\000o\000r\000y\000c\000z\000n\000y\000c\000h}{subsection.2.1}% 5
\BOOKMARK [3][-]{subsubsection.2.1.3}{\376\377\000T\000e\000c\000h\000n\000o\000l\000o\000g\000i\000a\000\040\000m\000a\000p\000o\000w\000a\000n\000i\000a\000\040\000S\000L\000A\000M}{subsection.2.1}% 6
\BOOKMARK [2][-]{subsection.2.2}{\376\377\000K\000l\000a\000s\000y\000f\000i\000k\000a\000c\000j\000a\000\040\000i\000\040\000a\000r\000c\000h\000i\000t\000e\000k\000t\000u\000r\000a\000\040\000r\000o\000b\000o\000t\000\363\000w\000\040\000m\000o\000b\000i\000l\000n\000y\000c\000h}{section.2}% 7
\BOOKMARK [3][-]{subsubsection.2.2.1}{\376\377\000K\000l\000a\000s\000y\000f\000i\000k\000a\000c\000j\000a\000\040\000w\000e\000d\001\102\000u\000g\000\040\000s\000p\000o\000s\000o\000b\000u\000\040\000l\000o\000k\000o\000m\000o\000c\000j\000i\000\040\000r\000o\000b\000o\000t\000a}{subsection.2.2}% 8
\BOOKMARK [3][-]{subsubsection.2.2.2}{\376\377\000K\000l\000a\000s\000y\000f\000i\000k\000a\000c\000j\000a\000\040\000w\000e\000d\001\102\000u\000g\000\040\000a\000u\000t\000o\000n\000o\000m\000i\000c\000z\000n\000o\001\133\000c\000i\000\040\000r\000o\000b\000o\000t\000a}{subsection.2.2}% 9
\BOOKMARK [3][-]{subsubsection.2.2.3}{\376\377\000K\000l\000a\000s\000y\000f\000i\000k\000a\000c\000j\000a\000\040\000w\000e\000d\001\102\000u\000g\000\040\000a\000r\000c\000h\000i\000t\000e\000k\000t\000u\000r\000y\000\040\000r\000o\000z\000w\000i\001\005\000z\000a\000n\000i\000a}{subsection.2.2}% 10
\BOOKMARK [2][-]{subsection.2.3}{\376\377\000M\000o\000d\000e\000l\000o\000w\000a\000n\000i\000e\000\040\000r\000u\000c\000h\000u\000\040\000r\000o\000b\000o\000t\000\363\000w\000\040\000m\000o\000b\000i\000l\000n\000y\000c\000h}{section.2}% 11
\BOOKMARK [2][-]{subsection.2.4}{\376\377\000U\000k\001\102\000a\000d\000y\000\040\000n\000a\000p\001\031\000d\000o\000w\000e\000\040\000i\000\040\000s\000t\000e\000r\000o\000w\000a\000n\000i\000e\000\040\000s\000i\000l\000n\000i\000k\000a\000m\000i}{section.2}% 12
\BOOKMARK [3][-]{subsubsection.2.4.1}{\376\377\000S\000t\000e\000r\000o\000w\000a\000n\000i\000e\000\040\000s\000i\000l\000n\000i\000k\000a\000m\000i\000\040\000r\000o\000b\000o\000t\000a}{subsection.2.4}% 13
\BOOKMARK [2][-]{subsection.2.5}{\376\377\000P\000e\000r\000c\000e\000p\000c\000j\000a\000\040\000o\000t\000o\000c\000z\000e\000n\000i\000a}{section.2}% 14
\BOOKMARK [2][-]{subsection.2.6}{\376\377\000Z\000a\000a\000w\000a\000n\000s\000o\000w\000a\000n\000e\000\040\000m\000e\000t\000o\000d\000y\000\040\000n\000a\000w\000i\000g\000a\000c\000j\000i}{section.2}% 15
\BOOKMARK [1][-]{section.3}{\376\377\000C\000z\001\031\001\133\001\007\000\040\000P\000r\000a\000k\000t\000y\000c\000z\000n\000a\000/\000f\000i\000z\000y\000c\000z\000n\000a\000\040\000-\000\040\000z\000m\000i\000e\001\104\000\040\000n\000a\000z\000w\001\031}{}% 16
\BOOKMARK [2][-]{subsection.3.1}{\376\377\000K\000o\000m\000p\000o\000n\000e\000n\000t\000y\000\040\000r\000o\000b\000o\000t\000a}{section.3}% 17
\BOOKMARK [3][-]{subsubsection.3.1.1}{\376\377\000M\000i\000k\000r\000o\000k\000o\000n\000t\000r\000o\000l\000e\000r\000\040\000A\000r\000d\000u\000i\000n\000o\000\040\000U\000n\000o}{subsection.3.1}% 18
\BOOKMARK [3][-]{subsubsection.3.1.2}{\376\377\000S\000t\000e\000r\000o\000w\000n\000i\000k\000\040\000s\000i\000l\000n\000i\000k\000\363\000w\000\040\000L\0002\0009\0003\000D}{subsection.3.1}% 19
\BOOKMARK [3][-]{subsubsection.3.1.3}{\376\377\000S\000i\000l\000n\000i\000k\000i\000\040\000o\000r\000a\000z\000\040\000k\000o\001\102\000a}{subsection.3.1}% 20
\BOOKMARK [3][-]{subsubsection.3.1.4}{\376\377\000C\000z\000u\000j\000n\000i\000k\000\040\000u\000l\000t\000r\000a\000d\001\172\000w\000i\001\031\000k\000o\000w\000y\000\040\000H\000C\000-\000S\000R\0000\0004}{subsection.3.1}% 21
\BOOKMARK [3][-]{subsubsection.3.1.5}{\376\377\000E\000l\000e\000m\000e\000n\000t\000\040\000o\000b\000r\000o\000t\000o\000w\000y\000\040\000M\000i\000c\000r\000o\000S\000e\000r\000v\000o\000\040\0009\000G}{subsection.3.1}% 22
\BOOKMARK [3][-]{subsubsection.3.1.6}{\376\377\000O\000g\000n\000i\000w\000a\000\040\000l\000i\000t\000o\000w\000o\000-\000j\000o\000n\000o\000w\000e\000\040\0001\0008\0006\0005\0000}{subsection.3.1}% 23
\BOOKMARK [3][-]{subsubsection.3.1.7}{\376\377\000P\000r\000z\000e\001\102\001\005\000c\000z\000n\000i\000k\000\040\000k\000o\001\102\000y\000s\000k\000o\000w\000y}{subsection.3.1}% 24
\BOOKMARK [2][-]{subsection.3.2}{\376\377\000W\000y\000k\000o\000r\000z\000y\000s\000t\000a\000n\000e\000\040\000m\000a\000t\000e\000r\000i\000a\001\102\000y}{section.3}% 25
\BOOKMARK [2][-]{subsection.3.3}{\376\377\000B\000u\000d\000o\000w\000a\000\040\000p\000r\000o\000t\000o\000t\000y\000p\000u\000\040\000r\000o\000b\000o\000t\000a}{section.3}% 26
\BOOKMARK [3][-]{subsubsection.3.3.1}{\376\377\000L\000u\000t\000o\000w\000a\000n\000i\000e\000\040\000w\000y\000p\000r\000o\000w\000a\000d\000z\000e\001\104\000\040\000s\000i\000l\000n\000i\000k\000\363\000w}{subsection.3.3}% 27
\BOOKMARK [3][-]{subsubsection.3.3.2}{\376\377\000M\000o\000n\000t\000a\001\174\000\040\000s\000i\000l\000n\000i\000k\000\363\000w\000\040\000o\000r\000a\000z\000\040\000k\000\363\001\102}{subsection.3.3}% 28
\BOOKMARK [3][-]{subsubsection.3.3.3}{\376\377\000M\000o\000n\000t\000a\001\174\000\040\000m\000i\000k\000r\000o\000k\000o\000n\000t\000r\000o\000l\000e\000r\000a\000\040\000A\000r\000d\000u\000i\000n\000o\000\040\000U\000n\000o}{subsection.3.3}% 29
\BOOKMARK [3][-]{subsubsection.3.3.4}{\376\377\000M\000o\000n\000t\000a\001\174\000\040\000o\000s\001\102\000o\000n\000y\000\040\000L\0002\0009\0003\000D}{subsection.3.3}% 30
\BOOKMARK [1][-]{section.4}{\376\377\000C\000z\001\031\001\133\001\007\000\040\000P\000r\000a\000k\000t\000y\000c\000z\000n\000a\000/\000k\000o\000d\000o\000w\000a\000\040\000-\000\040\000z\000m\000i\000e\001\104\000\040\000n\000a\000z\000w\001\031}{}% 31
\BOOKMARK [1][-]{section.4}{\376\377\000L\000i\000t\000e\000r\000a\000t\000u\000r\000a}{}% 32
